
> hotel_booking@0.1.0 build
> next build

node.exe : ΓÜá Found 
lockfile missing swc 
dependencies, 
patching...
At line:1 char:1
+ & "C:\Program Files
\nodejs/node.exe" 
"C:\Program 
Files\nodejs/node_mo 
...
+ ~~~~~~~~~~~~~~~~~~~
~~~~~~~~~~~~~~~~~~~~~
~~~~~~~~~~~~~~~~~~~~~
~~~~~~~~
    + CategoryInfo   
           : NotSpe  
  cified: (ΓÜá Fou   
 nd lockf...es, p    
atching...:Strin    
g) [], RemoteExc    
eption
    + FullyQualified 
   ErrorId : Native  
  CommandError
 
Γû▓ Next.js 16.1.4 (Turbopack)
- Environments: .env.local

  Creating an optimized production build ...
ΓÜá Lockfile was 
successfully 
patched, please run 
"npm install" to 
ensure @next/swc 
dependencies are 
downloaded
Γ£ô Compiled successfully in 9.7s
  Running TypeScript ...
  Collecting page data using 11 workers ...
  Generating static pages using 11 workers (0/9) ...
  Generating static pages using 11 workers (2/9) 
  Generating static pages using 11 workers (4/9) 
  Generating static pages using 11 workers (6/9) 
Γ£ô Generating static pages using 11 workers (9/9) in 2.5s
  Finalizing page optimization ...

Route (app)
Γöî Γùï /
Γö£ Γùï /_not-found
Γö£ Γùï /admin/chat
Γö£ Γùï /manifest.webmanifest
Γö£ Γùï /my-bookings
Γö£ Γùï /robots.txt
Γöö Γùï /sitemap.xml


Γùï  (Static)  prerendered as static content

